2019-05-14 01:12:34,478 CRIT Supervisor running as root (no user in config file)
2019-05-14 01:12:34,490 INFO Included extra file "/etc/supervisor/conf.d/supervisord.conf" during parsing
2019-05-14 01:12:34,543 INFO RPC interface 'supervisor' initialized
2019-05-14 01:12:34,543 CRIT Server 'unix_http_server' running without any HTTP authentication checking
2019-05-14 01:12:34,544 INFO supervisord started with pid 1
2019-05-14 01:12:35,555 INFO spawned: 'varnishd' with pid 15
2019-05-14 01:12:35,568 INFO spawned: 'php-fpm' with pid 16
2019-05-14 01:12:35,601 INFO spawned: 'varnish-plugins-watcher' with pid 17
2019-05-14 01:12:35,629 INFO spawned: 'nginx' with pid 18
2019-05-14 01:12:35,663 INFO spawned: 'MailHog' with pid 19
2019-05-14 01:12:35,710 INFO spawned: 'mysql' with pid 20
2019-05-14 01:12:35,781 INFO spawned: 'varnish-themes-watcher' with pid 21
2019-05-14 01:12:36,560 INFO success: varnishd entered RUNNING state, process has stayed up for > than 1 seconds (startsecs)
2019-05-14 01:12:36,560 INFO success: php-fpm entered RUNNING state, process has stayed up for > than 1 seconds (startsecs)
2019-05-14 01:12:36,744 INFO success: varnish-plugins-watcher entered RUNNING state, process has stayed up for > than 1 seconds (startsecs)
2019-05-14 01:12:36,745 INFO success: nginx entered RUNNING state, process has stayed up for > than 1 seconds (startsecs)
2019-05-14 01:12:36,745 INFO success: MailHog entered RUNNING state, process has stayed up for > than 1 seconds (startsecs)
2019-05-14 01:12:36,746 INFO success: mysql entered RUNNING state, process has stayed up for > than 1 seconds (startsecs)
2019-05-14 01:12:36,746 INFO success: varnish-themes-watcher entered RUNNING state, process has stayed up for > than 1 seconds (startsecs)
2019-05-14 01:14:04,020 WARN received SIGTERM indicating exit request
2019-05-14 01:14:04,022 INFO waiting for varnishd, php-fpm, varnish-plugins-watcher, nginx, MailHog, mysql, varnish-themes-watcher to die
2019-05-14 01:14:05,026 INFO stopped: varnish-themes-watcher (terminated by SIGTERM)
2019-05-14 01:14:05,082 INFO stopped: mysql (exit status 0)
2019-05-14 01:14:05,083 INFO stopped: MailHog (terminated by SIGTERM)
2019-05-14 01:14:05,092 INFO stopped: nginx (exit status 0)
2019-05-14 01:14:06,095 INFO stopped: varnish-plugins-watcher (terminated by SIGTERM)
2019-05-14 01:14:06,118 INFO stopped: php-fpm (exit status 0)
2019-05-14 01:14:06,196 INFO reaped unknown pid 34
2019-05-14 01:14:06,703 INFO reaped unknown pid 540
2019-05-14 01:14:06,867 INFO reaped unknown pid 542
2019-05-14 01:14:07,130 INFO waiting for varnishd to die
2019-05-14 01:14:07,570 INFO stopped: varnishd (exit status 0)
2019-05-14 01:14:14,080 CRIT Supervisor running as root (no user in config file)
2019-05-14 01:14:14,080 INFO Included extra file "/etc/supervisor/conf.d/supervisord.conf" during parsing
2019-05-14 01:14:14,152 INFO RPC interface 'supervisor' initialized
2019-05-14 01:14:14,152 CRIT Server 'unix_http_server' running without any HTTP authentication checking
2019-05-14 01:14:14,153 INFO supervisord started with pid 1
2019-05-14 01:14:15,158 INFO spawned: 'varnishd' with pid 53
2019-05-14 01:14:15,170 INFO spawned: 'php-fpm' with pid 54
2019-05-14 01:14:15,179 INFO spawned: 'varnish-plugins-watcher' with pid 55
2019-05-14 01:14:15,203 INFO spawned: 'nginx' with pid 56
2019-05-14 01:14:15,231 INFO spawned: 'MailHog' with pid 57
2019-05-14 01:14:15,275 INFO spawned: 'mysql' with pid 58
2019-05-14 01:14:15,289 INFO spawned: 'varnish-themes-watcher' with pid 59
2019-05-14 01:14:16,498 INFO success: varnishd entered RUNNING state, process has stayed up for > than 1 seconds (startsecs)
2019-05-14 01:14:16,500 INFO success: php-fpm entered RUNNING state, process has stayed up for > than 1 seconds (startsecs)
2019-05-14 01:14:16,501 INFO success: varnish-plugins-watcher entered RUNNING state, process has stayed up for > than 1 seconds (startsecs)
2019-05-14 01:14:16,501 INFO success: nginx entered RUNNING state, process has stayed up for > than 1 seconds (startsecs)
2019-05-14 01:14:16,504 INFO success: MailHog entered RUNNING state, process has stayed up for > than 1 seconds (startsecs)
2019-05-14 01:14:16,505 INFO success: mysql entered RUNNING state, process has stayed up for > than 1 seconds (startsecs)
2019-05-14 01:14:16,507 INFO success: varnish-themes-watcher entered RUNNING state, process has stayed up for > than 1 seconds (startsecs)
2019-05-15 05:32:09,029 WARN received SIGTERM indicating exit request
2019-05-15 05:32:09,032 INFO waiting for varnishd, php-fpm, varnish-plugins-watcher, nginx, MailHog, mysql, varnish-themes-watcher to die
2019-05-15 05:32:09,824 INFO stopped: varnish-themes-watcher (terminated by SIGTERM)
2019-05-15 05:32:09,929 INFO stopped: mysql (exit status 0)
2019-05-15 05:32:09,933 INFO stopped: MailHog (terminated by SIGTERM)
2019-05-15 05:32:09,962 INFO stopped: nginx (exit status 0)
2019-05-15 05:32:10,915 INFO stopped: varnish-plugins-watcher (terminated by SIGTERM)
2019-05-15 05:32:10,915 INFO reaped unknown pid 78
2019-05-15 05:32:10,958 INFO stopped: php-fpm (exit status 0)
2019-05-15 05:32:11,712 INFO reaped unknown pid 12818
2019-05-15 05:32:11,713 INFO reaped unknown pid 12819
2019-05-15 05:32:12,270 INFO waiting for varnishd to die
2019-05-15 05:32:12,273 INFO stopped: varnishd (exit status 0)
2019-05-16 01:48:42,291 CRIT Supervisor running as root (no user in config file)
2019-05-16 01:48:42,296 INFO Included extra file "/etc/supervisor/conf.d/supervisord.conf" during parsing
2019-05-16 01:48:42,378 INFO RPC interface 'supervisor' initialized
2019-05-16 01:48:42,407 CRIT Server 'unix_http_server' running without any HTTP authentication checking
2019-05-16 01:48:42,407 INFO supervisord started with pid 1
2019-05-16 01:48:43,415 INFO spawned: 'varnishd' with pid 98
2019-05-16 01:48:43,422 INFO spawned: 'php-fpm' with pid 99
2019-05-16 01:48:43,429 INFO spawned: 'varnish-plugins-watcher' with pid 100
2019-05-16 01:48:43,442 INFO spawned: 'nginx' with pid 101
2019-05-16 01:48:43,455 INFO spawned: 'MailHog' with pid 102
2019-05-16 01:48:43,489 INFO spawned: 'mysql' with pid 103
2019-05-16 01:48:43,514 INFO spawned: 'varnish-themes-watcher' with pid 104
2019-05-16 01:48:44,720 INFO success: varnishd entered RUNNING state, process has stayed up for > than 1 seconds (startsecs)
2019-05-16 01:48:44,720 INFO success: php-fpm entered RUNNING state, process has stayed up for > than 1 seconds (startsecs)
2019-05-16 01:48:44,720 INFO success: varnish-plugins-watcher entered RUNNING state, process has stayed up for > than 1 seconds (startsecs)
2019-05-16 01:48:44,721 INFO success: nginx entered RUNNING state, process has stayed up for > than 1 seconds (startsecs)
2019-05-16 01:48:44,721 INFO success: MailHog entered RUNNING state, process has stayed up for > than 1 seconds (startsecs)
2019-05-16 01:48:44,721 INFO success: mysql entered RUNNING state, process has stayed up for > than 1 seconds (startsecs)
2019-05-16 01:48:44,721 INFO success: varnish-themes-watcher entered RUNNING state, process has stayed up for > than 1 seconds (startsecs)
2019-05-16 02:39:19,955 WARN received SIGTERM indicating exit request
2019-05-16 02:39:19,957 INFO waiting for varnishd, php-fpm, varnish-plugins-watcher, nginx, MailHog, mysql, varnish-themes-watcher to die
2019-05-16 02:39:20,959 INFO stopped: varnish-themes-watcher (terminated by SIGTERM)
2019-05-16 02:39:21,098 INFO stopped: mysql (exit status 0)
2019-05-16 02:39:21,100 INFO stopped: MailHog (terminated by SIGTERM)
2019-05-16 02:39:21,120 INFO stopped: nginx (exit status 0)
2019-05-16 02:39:21,635 INFO stopped: varnish-plugins-watcher (terminated by SIGTERM)
2019-05-16 02:39:21,635 INFO reaped unknown pid 2836
2019-05-16 02:39:21,655 INFO reaped unknown pid 2838
2019-05-16 02:39:21,690 INFO stopped: php-fpm (exit status 0)
2019-05-16 02:39:22,913 INFO reaped unknown pid 122
2019-05-16 02:39:22,936 INFO stopped: varnishd (exit status 0)
2019-05-21 05:43:49,627 CRIT Supervisor running as root (no user in config file)
2019-05-21 05:43:49,628 INFO Included extra file "/etc/supervisor/conf.d/supervisord.conf" during parsing
2019-05-21 05:43:49,732 INFO RPC interface 'supervisor' initialized
2019-05-21 05:43:49,740 CRIT Server 'unix_http_server' running without any HTTP authentication checking
2019-05-21 05:43:49,741 INFO supervisord started with pid 1
2019-05-21 05:43:50,751 INFO spawned: 'varnishd' with pid 88
2019-05-21 05:43:50,808 INFO spawned: 'php-fpm' with pid 90
2019-05-21 05:43:50,828 INFO spawned: 'varnish-plugins-watcher' with pid 91
2019-05-21 05:43:50,910 INFO spawned: 'nginx' with pid 95
2019-05-21 05:43:50,965 INFO spawned: 'MailHog' with pid 96
2019-05-21 05:43:50,990 INFO spawned: 'mysql' with pid 97
2019-05-21 05:43:51,024 INFO spawned: 'varnish-themes-watcher' with pid 98
2019-05-21 05:43:52,508 INFO success: varnishd entered RUNNING state, process has stayed up for > than 1 seconds (startsecs)
2019-05-21 05:43:52,516 INFO success: php-fpm entered RUNNING state, process has stayed up for > than 1 seconds (startsecs)
2019-05-21 05:43:52,516 INFO success: varnish-plugins-watcher entered RUNNING state, process has stayed up for > than 1 seconds (startsecs)
2019-05-21 05:43:52,516 INFO success: nginx entered RUNNING state, process has stayed up for > than 1 seconds (startsecs)
2019-05-21 05:43:52,517 INFO success: MailHog entered RUNNING state, process has stayed up for > than 1 seconds (startsecs)
2019-05-21 05:43:52,517 INFO success: mysql entered RUNNING state, process has stayed up for > than 1 seconds (startsecs)
2019-05-21 05:43:52,517 INFO success: varnish-themes-watcher entered RUNNING state, process has stayed up for > than 1 seconds (startsecs)
2019-05-21 05:45:56,861 WARN received SIGTERM indicating exit request
2019-05-21 05:45:56,862 INFO waiting for varnishd, php-fpm, varnish-plugins-watcher, nginx, MailHog, mysql, varnish-themes-watcher to die
2019-05-21 05:45:57,864 INFO stopped: varnish-themes-watcher (terminated by SIGTERM)
2019-05-21 05:45:57,927 INFO stopped: mysql (exit status 0)
2019-05-21 05:45:57,928 INFO stopped: MailHog (terminated by SIGTERM)
2019-05-21 05:45:57,936 INFO stopped: nginx (exit status 0)
2019-05-21 05:45:57,937 INFO stopped: varnish-plugins-watcher (terminated by SIGTERM)
2019-05-21 05:45:57,969 INFO stopped: php-fpm (exit status 0)
2019-05-21 05:45:59,162 INFO stopped: varnishd (exit status 0)
